/home/zrz0517/study/TEE/RT-TEE/edk2/Build/ArmVirtQemuKernel-AARCH64/DEBUG_GCC49/AARCH64/MdePkg/Library/DxePcdLib/DxePcdLib/OUTPUT/DxePcdLib.lib
/home/zrz0517/study/TEE/RT-TEE/edk2/Build/ArmVirtQemuKernel-AARCH64/DEBUG_GCC49/AARCH64/MdePkg/Library/BaseLib/BaseLib/OUTPUT/BaseLib.lib
/home/zrz0517/study/TEE/RT-TEE/edk2/Build/ArmVirtQemuKernel-AARCH64/DEBUG_GCC49/AARCH64/MdePkg/Library/BaseMemoryLibOptDxe/BaseMemoryLibOptDxe/OUTPUT/BaseMemoryLibOptDxe.lib
/home/zrz0517/study/TEE/RT-TEE/edk2/Build/ArmVirtQemuKernel-AARCH64/DEBUG_GCC49/AARCH64/MdePkg/Library/BaseIoLibIntrinsic/BaseIoLibIntrinsicArmVirt/OUTPUT/BaseIoLibIntrinsicArmVirt.lib
/home/zrz0517/study/TEE/RT-TEE/edk2/Build/ArmVirtQemuKernel-AARCH64/DEBUG_GCC49/AARCH64/MdePkg/Library/DxeCoreEntryPoint/DxeCoreEntryPoint/OUTPUT/DxeCoreEntryPoint.lib
/home/zrz0517/study/TEE/RT-TEE/edk2/Build/ArmVirtQemuKernel-AARCH64/DEBUG_GCC49/AARCH64/ArmPlatformPkg/Library/PL011UartLib/PL011UartLib/OUTPUT/PL011UartLib.lib
/home/zrz0517/study/TEE/RT-TEE/edk2/Build/ArmVirtQemuKernel-AARCH64/DEBUG_GCC49/AARCH64/MdePkg/Library/DxeCoreHobLib/DxeCoreHobLib/OUTPUT/DxeCoreHobLib.lib
/home/zrz0517/study/TEE/RT-TEE/edk2/Build/ArmVirtQemuKernel-AARCH64/DEBUG_GCC49/AARCH64/MdePkg/Library/BaseDebugPrintErrorLevelLib/BaseDebugPrintErrorLevelLib/OUTPUT/BaseDebugPrintErrorLevelLib.lib
/home/zrz0517/study/TEE/RT-TEE/edk2/Build/ArmVirtQemuKernel-AARCH64/DEBUG_GCC49/AARCH64/ArmVirtPkg/Library/FdtPL011SerialPortLib/FdtPL011SerialPortLib/OUTPUT/FdtPL011SerialPortLib.lib
/home/zrz0517/study/TEE/RT-TEE/edk2/Build/ArmVirtQemuKernel-AARCH64/DEBUG_GCC49/AARCH64/MdePkg/Library/BasePrintLib/BasePrintLib/OUTPUT/BasePrintLib.lib
/home/zrz0517/study/TEE/RT-TEE/edk2/Build/ArmVirtQemuKernel-AARCH64/DEBUG_GCC49/AARCH64/MdePkg/Library/BaseDebugLibSerialPort/BaseDebugLibSerialPort/OUTPUT/BaseDebugLibSerialPort.lib
/home/zrz0517/study/TEE/RT-TEE/edk2/Build/ArmVirtQemuKernel-AARCH64/DEBUG_GCC49/AARCH64/MdePkg/Library/UefiBootServicesTableLib/UefiBootServicesTableLib/OUTPUT/UefiBootServicesTableLib.lib
/home/zrz0517/study/TEE/RT-TEE/edk2/Build/ArmVirtQemuKernel-AARCH64/DEBUG_GCC49/AARCH64/MdeModulePkg/Library/DxeCoreMemoryAllocationLib/DxeCoreMemoryAllocationLib/OUTPUT/DxeCoreMemoryAllocationLib.lib
/home/zrz0517/study/TEE/RT-TEE/edk2/Build/ArmVirtQemuKernel-AARCH64/DEBUG_GCC49/AARCH64/MdePkg/Library/UefiRuntimeServicesTableLib/UefiRuntimeServicesTableLib/OUTPUT/UefiRuntimeServicesTableLib.lib
/home/zrz0517/study/TEE/RT-TEE/edk2/Build/ArmVirtQemuKernel-AARCH64/DEBUG_GCC49/AARCH64/MdePkg/Library/UefiDevicePathLib/UefiDevicePathLib/OUTPUT/UefiDevicePathLib.lib
/home/zrz0517/study/TEE/RT-TEE/edk2/Build/ArmVirtQemuKernel-AARCH64/DEBUG_GCC49/AARCH64/ArmPkg/Library/ArmLib/ArmBaseLib/OUTPUT/ArmBaseLib.lib
/home/zrz0517/study/TEE/RT-TEE/edk2/Build/ArmVirtQemuKernel-AARCH64/DEBUG_GCC49/AARCH64/MdePkg/Library/BasePeCoffGetEntryPointLib/BasePeCoffGetEntryPointLib/OUTPUT/BasePeCoffGetEntryPointLib.lib
/home/zrz0517/study/TEE/RT-TEE/edk2/Build/ArmVirtQemuKernel-AARCH64/DEBUG_GCC49/AARCH64/MdePkg/Library/UefiLib/UefiLib/OUTPUT/UefiLib.lib
/home/zrz0517/study/TEE/RT-TEE/edk2/Build/ArmVirtQemuKernel-AARCH64/DEBUG_GCC49/AARCH64/ArmPkg/Library/ArmGenericTimerVirtCounterLib/ArmGenericTimerVirtCounterLib/OUTPUT/ArmGenericTimerVirtCounterLib.lib
/home/zrz0517/study/TEE/RT-TEE/edk2/Build/ArmVirtQemuKernel-AARCH64/DEBUG_GCC49/AARCH64/ArmPkg/Library/ArmDisassemblerLib/ArmDisassemblerLib/OUTPUT/ArmDisassemblerLib.lib
/home/zrz0517/study/TEE/RT-TEE/edk2/Build/ArmVirtQemuKernel-AARCH64/DEBUG_GCC49/AARCH64/MdePkg/Library/DxeServicesLib/DxeServicesLib/OUTPUT/DxeServicesLib.lib
/home/zrz0517/study/TEE/RT-TEE/edk2/Build/ArmVirtQemuKernel-AARCH64/DEBUG_GCC49/AARCH64/ArmPkg/Library/ArmArchTimerLib/ArmArchTimerLib/OUTPUT/ArmArchTimerLib.lib
/home/zrz0517/study/TEE/RT-TEE/edk2/Build/ArmVirtQemuKernel-AARCH64/DEBUG_GCC49/AARCH64/MdePkg/Library/BaseReportStatusCodeLibNull/BaseReportStatusCodeLibNull/OUTPUT/BaseReportStatusCodeLibNull.lib
/home/zrz0517/study/TEE/RT-TEE/edk2/Build/ArmVirtQemuKernel-AARCH64/DEBUG_GCC49/AARCH64/ArmPkg/Library/DebugPeCoffExtraActionLib/DebugPeCoffExtraActionLib/OUTPUT/DebugUnixPeCoffExtraActionLib.lib
/home/zrz0517/study/TEE/RT-TEE/edk2/Build/ArmVirtQemuKernel-AARCH64/DEBUG_GCC49/AARCH64/ArmPkg/Library/DefaultExceptionHandlerLib/DefaultExceptionHandlerLib/OUTPUT/DefaultExceptionHandlerLib.lib
/home/zrz0517/study/TEE/RT-TEE/edk2/Build/ArmVirtQemuKernel-AARCH64/DEBUG_GCC49/AARCH64/ArmPkg/Library/ArmCacheMaintenanceLib/ArmCacheMaintenanceLib/OUTPUT/ArmCacheMaintenanceLib.lib
/home/zrz0517/study/TEE/RT-TEE/edk2/Build/ArmVirtQemuKernel-AARCH64/DEBUG_GCC49/AARCH64/MdePkg/Library/DxeExtractGuidedSectionLib/DxeExtractGuidedSectionLib/OUTPUT/DxeExtractGuidedSectionLib.lib
/home/zrz0517/study/TEE/RT-TEE/edk2/Build/ArmVirtQemuKernel-AARCH64/DEBUG_GCC49/AARCH64/MdePkg/Library/BaseUefiDecompressLib/BaseUefiDecompressLib/OUTPUT/BaseUefiDecompressLib.lib
/home/zrz0517/study/TEE/RT-TEE/edk2/Build/ArmVirtQemuKernel-AARCH64/DEBUG_GCC49/AARCH64/MdeModulePkg/Library/DxeCorePerformanceLib/DxeCorePerformanceLib/OUTPUT/DxeCorePerformanceLib.lib
/home/zrz0517/study/TEE/RT-TEE/edk2/Build/ArmVirtQemuKernel-AARCH64/DEBUG_GCC49/AARCH64/MdePkg/Library/BasePeCoffLib/BasePeCoffLib/OUTPUT/BasePeCoffLib.lib
/home/zrz0517/study/TEE/RT-TEE/edk2/Build/ArmVirtQemuKernel-AARCH64/DEBUG_GCC49/AARCH64/MdeModulePkg/Library/DebugAgentLibNull/DebugAgentLibNull/OUTPUT/DebugAgentLibNull.lib
/home/zrz0517/study/TEE/RT-TEE/edk2/Build/ArmVirtQemuKernel-AARCH64/DEBUG_GCC49/AARCH64/ArmPkg/Library/ArmExceptionLib/ArmExceptionLib/OUTPUT/ArmExceptionLib.lib
/home/zrz0517/study/TEE/RT-TEE/edk2/Build/ArmVirtQemuKernel-AARCH64/DEBUG_GCC49/AARCH64/ArmPkg/Library/CompilerIntrinsicsLib/CompilerIntrinsicsLib/OUTPUT/CompilerIntrinsicsLib.lib
/home/zrz0517/study/TEE/RT-TEE/edk2/Build/ArmVirtQemuKernel-AARCH64/DEBUG_GCC49/AARCH64/MdePkg/Library/BaseStackCheckLib/BaseStackCheckLib/OUTPUT/BaseStackCheckLib.lib
/home/zrz0517/study/TEE/RT-TEE/edk2/Build/ArmVirtQemuKernel-AARCH64/DEBUG_GCC49/AARCH64/MdeModulePkg/Library/DxeCrc32GuidedSectionExtractLib/DxeCrc32GuidedSectionExtractLib/OUTPUT/DxeCrc32GuidedSectionExtractLib.lib
/home/zrz0517/study/TEE/RT-TEE/edk2/Build/ArmVirtQemuKernel-AARCH64/DEBUG_GCC49/AARCH64/MdeModulePkg/Core/Dxe/DxeMain/OUTPUT/DxeCore.lib