Performing C SOURCE FILE Test CMAKE_HAVE_LIBC_PTHREAD failed with the following output:
Change Dir: /home/zrz0517/study/TEE/RT-TEE/optee_client/build/CMakeFiles/CMakeTmp

Run Build Command(s):/usr/bin/make -f Makefile cmTC_345dd/fast && /usr/bin/make  -f CMakeFiles/cmTC_345dd.dir/build.make CMakeFiles/cmTC_345dd.dir/build
make[1]: 进入目录“/home/zrz0517/study/TEE/RT-TEE/optee_client/build/CMakeFiles/CMakeTmp”
Building C object CMakeFiles/cmTC_345dd.dir/src.c.o
/home/zrz0517/study/TEE/RT-TEE/toolchains/aarch64/bin/aarch64-linux-gnu-gcc -DCMAKE_HAVE_LIBC_PTHREAD   -o CMakeFiles/cmTC_345dd.dir/src.c.o -c /home/zrz0517/study/TEE/RT-TEE/optee_client/build/CMakeFiles/CMakeTmp/src.c
Linking C executable cmTC_345dd
/usr/local/bin/cmake -E cmake_link_script CMakeFiles/cmTC_345dd.dir/link.txt --verbose=1
/home/zrz0517/study/TEE/RT-TEE/toolchains/aarch64/bin/aarch64-linux-gnu-gcc CMakeFiles/cmTC_345dd.dir/src.c.o -o cmTC_345dd 
CMakeFiles/cmTC_345dd.dir/src.c.o: In function `main':
src.c:(.text+0x34): undefined reference to `pthread_create'
src.c:(.text+0x3c): undefined reference to `pthread_detach'
src.c:(.text+0x44): undefined reference to `pthread_cancel'
src.c:(.text+0x50): undefined reference to `pthread_join'
collect2: 错误： ld 返回 1
make[1]: *** [CMakeFiles/cmTC_345dd.dir/build.make:99：cmTC_345dd] 错误 1
make[1]: 离开目录“/home/zrz0517/study/TEE/RT-TEE/optee_client/build/CMakeFiles/CMakeTmp”
make: *** [Makefile:127：cmTC_345dd/fast] 错误 2


Source file was:
#include <pthread.h>

static void* test_func(void* data)
{
  return data;
}

int main(void)
{
  pthread_t thread;
  pthread_create(&thread, NULL, test_func, NULL);
  pthread_detach(thread);
  pthread_cancel(thread);
  pthread_join(thread, NULL);
  pthread_atfork(NULL, NULL, NULL);
  pthread_exit(NULL);

  return 0;
}

Determining if the function pthread_create exists in the pthreads failed with the following output:
Change Dir: /home/zrz0517/study/TEE/RT-TEE/optee_client/build/CMakeFiles/CMakeTmp

Run Build Command(s):/usr/bin/make -f Makefile cmTC_d6225/fast && /usr/bin/make  -f CMakeFiles/cmTC_d6225.dir/build.make CMakeFiles/cmTC_d6225.dir/build
make[1]: 进入目录“/home/zrz0517/study/TEE/RT-TEE/optee_client/build/CMakeFiles/CMakeTmp”
Building C object CMakeFiles/cmTC_d6225.dir/CheckFunctionExists.c.o
/home/zrz0517/study/TEE/RT-TEE/toolchains/aarch64/bin/aarch64-linux-gnu-gcc   -DCHECK_FUNCTION_EXISTS=pthread_create -o CMakeFiles/cmTC_d6225.dir/CheckFunctionExists.c.o -c /usr/local/share/cmake-3.23/Modules/CheckFunctionExists.c
Linking C executable cmTC_d6225
/usr/local/bin/cmake -E cmake_link_script CMakeFiles/cmTC_d6225.dir/link.txt --verbose=1
/home/zrz0517/study/TEE/RT-TEE/toolchains/aarch64/bin/aarch64-linux-gnu-gcc  -DCHECK_FUNCTION_EXISTS=pthread_create CMakeFiles/cmTC_d6225.dir/CheckFunctionExists.c.o -o cmTC_d6225  -lpthreads 
/home/zrz0517/study/TEE/RT-TEE/toolchains/aarch64/bin/../lib/gcc/aarch64-linux-gnu/8.2.1/../../../../aarch64-linux-gnu/bin/ld: cannot find -lpthreads
collect2: 错误： ld 返回 1
make[1]: *** [CMakeFiles/cmTC_d6225.dir/build.make:99：cmTC_d6225] 错误 1
make[1]: 离开目录“/home/zrz0517/study/TEE/RT-TEE/optee_client/build/CMakeFiles/CMakeTmp”
make: *** [Makefile:127：cmTC_d6225/fast] 错误 2



